{"level":"info","message":"Disconnected from the database","timestamp":"2024-10-21T16:50:15.763Z"}
{"level":"info","message":"Connecting to the database...","timestamp":"2024-10-21T16:50:35.424Z"}
{"level":"info","message":"No new jobs available","timestamp":"2024-10-21T16:50:37.567Z"}
{"level":"\u001b[32minfo\u001b[39m","message":"Connecting to the database...","timestamp":"2024-10-22T21:23:26.853Z"}
2024-10-22T21:27:57.826Z [32minfo[39m: Disconnected from the database
2024-10-22T21:28:13.660Z [32minfo[39m: Connecting to the database...
2024-10-22T21:28:17.948Z [32minfo[39m: No new jobs available
2024-10-22T21:29:19.031Z [32minfo[39m: No new jobs available
2024-10-22T21:30:19.088Z [32minfo[39m: No new jobs available
2024-10-22T21:31:19.101Z [32minfo[39m: No new jobs available
2024-10-22T21:32:19.255Z [32minfo[39m: No new jobs available
2024-10-22T21:33:19.260Z [32minfo[39m: No new jobs available
2024-10-22T21:34:19.109Z [32minfo[39m: No new jobs available
2024-10-22T21:35:19.156Z [32minfo[39m: No new jobs available
2024-10-22T21:36:19.037Z [32minfo[39m: No new jobs available
2024-10-22T21:37:19.146Z [32minfo[39m: No new jobs available
2024-10-22T21:38:19.096Z [32minfo[39m: No new jobs available
2024-10-22T21:39:19.650Z [32minfo[39m: No new jobs available
2024-10-22T21:40:18.983Z [32minfo[39m: No new jobs available
2024-10-22T21:41:19.084Z [32minfo[39m: No new jobs available
2024-10-22T21:42:19.005Z [32minfo[39m: No new jobs available
2024-10-22T21:43:19.084Z [32minfo[39m: No new jobs available
2024-10-22T21:44:19.169Z [32minfo[39m: No new jobs available
2024-10-22T21:45:19.166Z [32minfo[39m: No new jobs available
2024-10-22T21:46:19.260Z [32minfo[39m: No new jobs available
2024-10-22T21:47:19.007Z [32minfo[39m: No new jobs available
2024-10-22T21:48:19.285Z [32minfo[39m: No new jobs available
2024-10-22T21:49:19.124Z [32minfo[39m: No new jobs available
2024-10-22T21:50:19.207Z [32minfo[39m: No new jobs available
2024-10-22T21:51:19.052Z [32minfo[39m: No new jobs available
2024-10-22T21:52:19.236Z [32minfo[39m: No new jobs available
2024-10-22T21:53:18.973Z [32minfo[39m: No new jobs available
2024-10-22T21:54:19.358Z [32minfo[39m: No new jobs available
2024-10-22T21:55:19.117Z [32minfo[39m: No new jobs available
2024-10-22T21:56:19.088Z [32minfo[39m: No new jobs available
2024-10-22T21:57:19.153Z [32minfo[39m: No new jobs available
2024-10-22T21:58:19.045Z [32minfo[39m: No new jobs available
2024-10-22T21:59:19.066Z [32minfo[39m: No new jobs available
2024-10-22T22:00:20.979Z [32minfo[39m: No new jobs available
2024-10-22T22:01:19.321Z [32minfo[39m: No new jobs available
2024-10-22T22:02:19.380Z [32minfo[39m: No new jobs available
2024-10-22T22:03:19.002Z [32minfo[39m: No new jobs available
2024-10-22T22:04:19.236Z [32minfo[39m: No new jobs available
2024-10-22T22:05:18.992Z [32minfo[39m: No new jobs available
2024-10-22T22:06:19.149Z [32minfo[39m: No new jobs available
2024-10-22T22:07:19.302Z [32minfo[39m: No new jobs available
2024-10-22T22:08:19.032Z [32minfo[39m: No new jobs available
2024-10-22T22:09:19.010Z [32minfo[39m: No new jobs available
2024-10-22T22:10:19.224Z [32minfo[39m: No new jobs available
2024-10-22T22:11:19.234Z [32minfo[39m: No new jobs available
2024-10-22T22:12:19.081Z [32minfo[39m: No new jobs available
2024-10-22T22:13:19.260Z [32minfo[39m: No new jobs available
2024-10-22T22:14:19.086Z [32minfo[39m: No new jobs available
2024-10-22T22:15:19.101Z [32minfo[39m: No new jobs available
2024-10-22T22:16:19.117Z [32minfo[39m: No new jobs available
2024-10-22T22:17:19.014Z [32minfo[39m: No new jobs available
2024-10-22T22:18:18.992Z [32minfo[39m: No new jobs available
2024-10-22T22:19:19.038Z [32minfo[39m: No new jobs available
2024-10-22T22:20:19.055Z [32minfo[39m: No new jobs available
2024-10-22T22:21:18.997Z [32minfo[39m: No new jobs available
2024-10-22T22:22:19.143Z [32minfo[39m: No new jobs available
2024-10-22T22:23:18.972Z [32minfo[39m: No new jobs available
2024-10-22T22:24:19.145Z [32minfo[39m: No new jobs available
2024-10-22T22:25:19.153Z [32minfo[39m: No new jobs available
2024-10-22T22:26:18.973Z [32minfo[39m: No new jobs available
2024-10-22T22:27:19.071Z [32minfo[39m: No new jobs available
2024-10-22T22:28:19.311Z [32minfo[39m: No new jobs available
2024-10-22T22:29:19.085Z [32minfo[39m: No new jobs available
2024-10-22T22:30:19.040Z [32minfo[39m: No new jobs available
2024-10-22T22:31:19.090Z [32minfo[39m: No new jobs available
2024-10-22T22:32:19.337Z [32minfo[39m: No new jobs available
2024-10-22T22:33:20.868Z [32minfo[39m: No new jobs available
2024-10-22T22:34:19.183Z [32minfo[39m: No new jobs available
2024-10-22T22:35:19.135Z [32minfo[39m: No new jobs available
2024-10-22T22:36:19.186Z [32minfo[39m: No new jobs available
2024-10-22T22:37:18.975Z [32minfo[39m: No new jobs available
2024-10-22T22:38:19.164Z [32minfo[39m: No new jobs available
2024-10-22T22:39:19.114Z [32minfo[39m: No new jobs available
2024-10-22T22:40:19.049Z [32minfo[39m: No new jobs available
